Arguments: 
  C:\Program Files\nodejs\node.exe C:\Program Files\nodejs\node_modules\yarn\bin\yarn.js add esxpress pg cors

PATH: 
  C:\Program Files\Eclipse Adoptium\jdk-17.0.4.101-hotspot\bin;C:\Program Files (x86)\Common Files\Intel\Shared Libraries\redist\intel64\compiler;C:\ProgramData\Oracle\Java\javapath;C:\Program Files\Java\jre7\bin;C:\WINDOWS\system32;C:\WINDOWS;C:\WINDOWS\System32\Wbem;C:\WINDOWS\System32\WindowsPowerShell\v1.0\;C:\WINDOWS\System32\OpenSSH\;C:\WINDOWS\system32;C:\WINDOWS;C:\WINDOWS\System32\Wbem;C:\WINDOWS\System32\WindowsPowerShell\v1.0\;C:\WINDOWS\System32\OpenSSH\;C:\Program Files\dotnet\;C:\ProgramData\chocolatey\bin;C:\ProgramData\chocolatey\lib\mpv.install\tools;C:\Program Files\Git\cmd;C:\Program Files (x86)\SASM\NASM;C:\Program Files (x86)\Dev-Cpp\MinGW64\bin;C:\MinGW\bin;C:\Program Files\CMake\bin;C:\Users\Errol\AppData\Roaming\nvm;C:\Program Files\nodejs;C:\Ruby32-x64\bin;C:\Users\Errol\AppData\Local\Programs\Python\Python310\Scripts\;C:\Users\Errol\AppData\Local\Programs\Python\Python310\;C:\Program Files (x86)\GNU Arm Embedded Toolchain\10 2021.10\bin;C:\Users\Errol\.cargo\bin;C:\Users\Errol\Documents\School\Computer;C:\Users\Errol\AppData\Local\Microsoft\WindowsApps;C:\MinGW\bin;C:\ytdl;C:\iverilog\bin;C:\iverilog\gtkwave\bin;C:\Users\Errol\AppData\Local\Programs\Microsoft VS Code\bin;C:\Program Files\MongoDB\Tools\100\bin;C:\Users\Errol\AppData\Roaming\nvm;C:\Program Files\nodejs;D:\Program Files\PostgreSQL\16\bin;D:\Program Files\PostgreSQL\16\lib;

Yarn version: 
  1.22.19

Node version: 
  18.17.1

Platform: 
  win32 x64

Trace: 
  Error: https://registry.yarnpkg.com/esxpress: Not found
      at params.callback [as _callback] (C:\Users\Errol\AppData\Roaming\nvm\v18.17.1\node_modules\yarn\lib\cli.js:66145:18)
      at self.callback (C:\Users\Errol\AppData\Roaming\nvm\v18.17.1\node_modules\yarn\lib\cli.js:140890:22)
      at Request.emit (node:events:514:28)
      at Request.<anonymous> (C:\Users\Errol\AppData\Roaming\nvm\v18.17.1\node_modules\yarn\lib\cli.js:141862:10)
      at Request.emit (node:events:514:28)
      at IncomingMessage.<anonymous> (C:\Users\Errol\AppData\Roaming\nvm\v18.17.1\node_modules\yarn\lib\cli.js:141784:12)
      at Object.onceWrapper (node:events:628:28)
      at IncomingMessage.emit (node:events:526:35)
      at endReadableNT (node:internal/streams/readable:1359:12)
      at process.processTicksAndRejections (node:internal/process/task_queues:82:21)

npm manifest: 
  {
    "name": "bidetabase-server",
    "version": "1.0.0",
    "description": "",
    "main": "app.js",
    "scripts": {
      "test": "echo \"Error: no test specified\" && exit 1"
    },
    "author": "",
    "license": "ISC"
  }

yarn manifest: 
  No manifest

Lockfile: 
  No lockfile
